<?xml version="1.0" encoding="UTF-8"?>
<testsuite xmlns:xsi="http://www.w3.org/2001/XMLSchema-instance" xsi:noNamespaceSchemaLocation="https://maven.apache.org/surefire/maven-surefire-plugin/xsd/surefire-test-report.xsd" version="3.0.2" name="tqs.TqsStackTest" time="0.04" tests="10" errors="0" skipped="0" failures="0">
  <properties>
[...]
</properties>
  <testcase name="testPushThenPop" classname="tqs.TqsStackTest" time="0.014"/>
  <testcase name="testPopUntilEmpty" classname="tqs.TqsStackTest" time="0.001"/>
  <testcase name="testPopTopN" classname="tqs.TqsStackTest" time="0.001"/>
  <testcase name="testPushThenPeek" classname="tqs.TqsStackTest" time="0.001"/>
  <testcase name="testPopTopNThrowsException" classname="tqs.TqsStackTest" time="0.001"/>
  <testcase name="testPushIncreasesSize" classname="tqs.TqsStackTest" time="0.0"/>
  <testcase name="testStackSizeOnConstruction" classname="tqs.TqsStackTest" time="0.0"/>
  <testcase name="testPopOnEmptyStack" classname="tqs.TqsStackTest" time="0.001"/>
  <testcase name="testStackIsEmptyOnConstruction" classname="tqs.TqsStackTest" time="0.001"/>
  <testcase name="testPeekOnEmptyStack" classname="tqs.TqsStackTest" time="0.001"/>
</testsuite>